{
  "stats": {
    "suites": 1,
    "tests": 2,
    "passes": 2,
    "pending": 0,
    "failures": 0,
    "start": "2025-10-01T06:52:00.177Z",
    "end": "2025-10-01T06:52:04.174Z",
    "duration": 3997,
    "testsRegistered": 2,
    "passPercent": 100,
    "pendingPercent": 0,
    "other": 0,
    "hasOther": false,
    "skipped": 0,
    "hasSkipped": false
  },
  "results": [
    {
      "uuid": "012ade10-a891-4d1c-b57f-787dbb26bffd",
      "title": "",
      "fullFile": "cypress\\e2e\\signIn.cy.js",
      "file": "cypress\\e2e\\signIn.cy.js",
      "beforeHooks": [],
      "afterHooks": [],
      "tests": [],
      "suites": [
        {
          "uuid": "197123be-6704-44b7-b40c-1ccb766b9e74",
          "title": "Sign In Flow",
          "fullFile": "",
          "file": "",
          "beforeHooks": [],
          "afterHooks": [],
          "tests": [
            {
              "title": "should sign in with valid user",
              "fullTitle": "Sign In Flow should sign in with valid user",
              "timedOut": null,
              "duration": 2955,
              "state": "passed",
              "speed": "fast",
              "pass": true,
              "fail": false,
              "pending": false,
              "context": null,
              "code": "signinPage.login(userLogin.validUser.email, userLogin.validUser.password);\n// assertion\ncy.url().should('include', '/mypage.html');\ncy.contains(userLogin.validUser.email).should('exist');",
              "err": {},
              "uuid": "0325960a-497e-475e-b333-1428a6414719",
              "parentUUID": "197123be-6704-44b7-b40c-1ccb766b9e74",
              "isHook": false,
              "skipped": false
            },
            {
              "title": "should not sign in with invalid user",
              "fullTitle": "Sign In Flow should not sign in with invalid user",
              "timedOut": null,
              "duration": 979,
              "state": "passed",
              "speed": "fast",
              "pass": true,
              "fail": false,
              "pending": false,
              "context": null,
              "code": "signinPage.login(userLogin.invalidUser.email, userLogin.invalidUser.password);\n// assertion (contoh pesan error)\ncy.contains('Email or password is invalid.').should('be.visible');",
              "err": {},
              "uuid": "a5765ddb-6c30-492c-8fd5-7c3df02ed075",
              "parentUUID": "197123be-6704-44b7-b40c-1ccb766b9e74",
              "isHook": false,
              "skipped": false
            }
          ],
          "suites": [],
          "passes": [
            "0325960a-497e-475e-b333-1428a6414719",
            "a5765ddb-6c30-492c-8fd5-7c3df02ed075"
          ],
          "failures": [],
          "pending": [],
          "skipped": [],
          "duration": 3934,
          "root": false,
          "rootEmpty": false,
          "_timeout": 2000
        }
      ],
      "passes": [],
      "failures": [],
      "pending": [],
      "skipped": [],
      "duration": 0,
      "root": true,
      "rootEmpty": true,
      "_timeout": 2000
    }
  ],
  "meta": {
    "mocha": {
      "version": "7.2.0"
    },
    "mochawesome": {
      "options": {
        "quiet": false,
        "reportFilename": "mochawesome",
        "saveHtml": false,
        "saveJson": true,
        "consoleReporter": "spec",
        "useInlineDiffs": false,
        "code": true
      },
      "version": "7.1.4"
    },
    "marge": {
      "options": {
        "reportDir": "cypress\\reports\\.jsons",
        "overwrite": false,
        "html": false,
        "json": true
      },
      "version": "6.3.0"
    }
  }
}